<?xml version="1.0" encoding="UTF-8"?>
<testsuite name="br.com.montreal.script.manager.controller.api.ProcessaApiTest" time="10.418" tests="2" errors="0" skipped="0" failures="0">
  <properties>
    <property name="java.runtime.name" value="Java(TM) SE Runtime Environment"/>
    <property name="sun.boot.library.path" value="E:\jdk\jdk1.8.0_60\jre\bin"/>
    <property name="java.vm.version" value="25.60-b23"/>
    <property name="java.vm.vendor" value="Oracle Corporation"/>
    <property name="maven.multiModuleProjectDirectory" value="E:\workspace_mars\script-runner"/>
    <property name="java.vendor.url" value="http://java.oracle.com/"/>
    <property name="path.separator" value=";"/>
    <property name="guice.disable.misplaced.annotation.check" value="true"/>
    <property name="java.vm.name" value="Java HotSpot(TM) Client VM"/>
    <property name="file.encoding.pkg" value="sun.io"/>
    <property name="user.script" value=""/>
    <property name="user.country" value="BR"/>
    <property name="sun.java.launcher" value="SUN_STANDARD"/>
    <property name="sun.os.patch.level" value="Service Pack 1"/>
    <property name="java.vm.specification.name" value="Java Virtual Machine Specification"/>
    <property name="user.dir" value="E:\workspace_mars\script-runner"/>
    <property name="java.runtime.version" value="1.8.0_60-b27"/>
    <property name="java.awt.graphicsenv" value="sun.awt.Win32GraphicsEnvironment"/>
    <property name="java.endorsed.dirs" value="E:\jdk\jdk1.8.0_60\jre\lib\endorsed"/>
    <property name="os.arch" value="x86"/>
    <property name="java.io.tmpdir" value="C:\Users\LEONAR~1.PIN\AppData\Local\Temp\"/>
    <property name="line.separator" value="&#10;"/>
    <property name="java.vm.specification.vendor" value="Oracle Corporation"/>
    <property name="user.variant" value=""/>
    <property name="os.name" value="Windows 7"/>
    <property name="classworlds.conf" value="E:\workspace_mars\.metadata\.plugins\org.eclipse.m2e.launching\launches\m2conf1236814237357604197.tmp"/>
    <property name="sun.jnu.encoding" value="Cp1252"/>
    <property name="java.library.path" value="E:\jdk\jdk1.8.0_60\bin;C:\Windows\Sun\Java\bin;C:\Windows\system32;C:\Windows;e:/jdk/jdk1.7.0_65/bin/../jre/bin/client;e:/jdk/jdk1.7.0_65/bin/../jre/bin;e:/jdk/jdk1.7.0_65/bin/../jre/lib/i386;e:\jdk\jdk1.7.0_65\bin;D:\programas\sencha\bin\Sencha\Cmd\5.1.3.61;c:\program files (x86)\nvidia corporation\physx\common;c:\program files (x86)\intel\icls client\;c:\program files\intel\icls client\;C:\Windows\system32;C:\Windows;C:\Windows\system32\wbem;C:\Windows\system32\windowspowershell\v1.0\;c:\program files (x86)\intel\opencl sdk\1.5\bin\x86;c:\program files (x86)\intel\opencl sdk\1.5\bin\x64;c:\program files\microsoft\web platform installer\;c:\program files (x86)\microsoft asp.net\asp.net web pages\v1.0\;c:\program files\microsoft sql server\110\tools\binn\;c:\program files\tortoisesvn\bin;c:\program files\ibm\gsk8\lib64;c:\program files (x86)\ibm\gsk8\lib;e:\ant\bin;d:\AndroidStudio\sdk;d:\AndroidStudio\sdk\platform-tools;C:\Program Files (x86)\Git\bin;C:\Program Files (x86)\Microsoft SQL Server\100\Tools\Binn\;C:\Program Files\Microsoft SQL Server\100\Tools\Binn\;C:\Program Files\Microsoft SQL Server\100\DTS\Binn\;C:\eclipse\workspace\geraProcessos\ant\bin;%GRAILS_HOME%\bin;d:\AndroidStudio\sdk;d:\AndroidStudio\sdk\tools;E:\Programas\MAVEN\bin;C:\Program Files (x86)\Windows Kits\8.1\Windows Performance Toolkit\;E:\Programas\GRAILS\grails-2.4.4\bin;C:\Program Files (x86)\Brackets\command;C:\Program Files\nodejs\;C:\Ruby21-x64\bin;C:\Users\leonardo.pinto\AppData\Roaming\npm;E:\eclipse_mars\eclipse;;."/>
    <property name="java.specification.name" value="Java Platform API Specification"/>
    <property name="java.class.version" value="52.0"/>
    <property name="sun.management.compiler" value="HotSpot Client Compiler"/>
    <property name="os.version" value="6.1"/>
    <property name="user.home" value="C:\Users\leonardo.pinto"/>
    <property name="user.timezone" value="America/Sao_Paulo"/>
    <property name="java.awt.printerjob" value="sun.awt.windows.WPrinterJob"/>
    <property name="java.specification.version" value="1.8"/>
    <property name="file.encoding" value="Cp1252"/>
    <property name="user.name" value="leonardo.pinto"/>
    <property name="java.class.path" value="/E:/eclipse_mars/eclipse/plugins/org.eclipse.m2e.maven.runtime_1.6.2.20150902-0001/jars/plexus-classworlds-2.5.2.jar"/>
    <property name="java.vm.specification.version" value="1.8"/>
    <property name="sun.arch.data.model" value="32"/>
    <property name="java.home" value="E:\jdk\jdk1.8.0_60\jre"/>
    <property name="sun.java.command" value="org.codehaus.plexus.classworlds.launcher.Launcher -B clean test"/>
    <property name="java.specification.vendor" value="Oracle Corporation"/>
    <property name="user.language" value="pt"/>
    <property name="awt.toolkit" value="sun.awt.windows.WToolkit"/>
    <property name="java.vm.info" value="mixed mode"/>
    <property name="java.version" value="1.8.0_60"/>
    <property name="java.ext.dirs" value="E:\jdk\jdk1.8.0_60\jre\lib\ext;C:\Windows\Sun\Java\lib\ext"/>
    <property name="sun.boot.class.path" value="E:\jdk\jdk1.8.0_60\jre\lib\resources.jar;E:\jdk\jdk1.8.0_60\jre\lib\rt.jar;E:\jdk\jdk1.8.0_60\jre\lib\sunrsasign.jar;E:\jdk\jdk1.8.0_60\jre\lib\jsse.jar;E:\jdk\jdk1.8.0_60\jre\lib\jce.jar;E:\jdk\jdk1.8.0_60\jre\lib\charsets.jar;E:\jdk\jdk1.8.0_60\jre\lib\jfr.jar;E:\jdk\jdk1.8.0_60\jre\classes"/>
    <property name="java.vendor" value="Oracle Corporation"/>
    <property name="maven.home" value="E:\workspace_mars\script-runner\EMBEDDED"/>
    <property name="file.separator" value="\"/>
    <property name="java.vendor.url.bug" value="http://bugreport.sun.com/bugreport/"/>
    <property name="sun.cpu.endian" value="little"/>
    <property name="sun.io.unicode.encoding" value="UnicodeLittle"/>
    <property name="sun.desktop" value="windows"/>
    <property name="sun.cpu.isalist" value="pentium_pro+mmx pentium_pro pentium+mmx pentium i486 i386 i86"/>
  </properties>
  <testcase name="chamadaComInputInvalido" classname="br.com.montreal.script.manager.controller.api.ProcessaApiTest" time="5.333"/>
  <testcase name="chamadaComSucesso" classname="br.com.montreal.script.manager.controller.api.ProcessaApiTest" time="5.085"/>
</testsuite>